[debug] [2024-11-05T09:01:23.013Z] ----------------------------------------------------------------------
[debug] [2024-11-05T09:01:23.027Z] Command:       C:\Program Files\nodejs\node.exe C:\Users\Admin\AppData\Roaming\npm\node_modules\firebase-tools\lib\bin\firebase.js init
[debug] [2024-11-05T09:01:23.027Z] CLI Version:   13.24.0
[debug] [2024-11-05T09:01:23.027Z] Platform:      win32
[debug] [2024-11-05T09:01:23.028Z] Node Version:  v20.15.0
[debug] [2024-11-05T09:01:23.028Z] Time:          Tue Nov 05 2024 11:01:23 GMT+0200 (South Africa Standard Time)
[debug] [2024-11-05T09:01:23.028Z] ----------------------------------------------------------------------
[debug] 
[debug] [2024-11-05T09:01:23.032Z] >>> [apiv2][query] GET https://firebase-public.firebaseio.com/cli.json [none]
[debug] [2024-11-05T09:01:23.085Z] > command requires scopes: ["email","openid","https://www.googleapis.com/auth/cloudplatformprojects.readonly","https://www.googleapis.com/auth/firebase","https://www.googleapis.com/auth/cloud-platform"]
[debug] [2024-11-05T09:01:23.085Z] > authorizing via signed-in user (nacciphi@gmail.com)
[info] 
     ######## #### ########  ######## ########     ###     ######  ########
     ##        ##  ##     ## ##       ##     ##  ##   ##  ##       ##
     ######    ##  ########  ######   ########  #########  ######  ######
     ##        ##  ##    ##  ##       ##     ## ##     ##       ## ##
     ##       #### ##     ## ######## ########  ##     ##  ######  ########

You're about to initialize a Firebase project in this directory:

  C:\Users\Admin\Desktop\market-place-app

[debug] [2024-11-05T09:01:25.476Z] <<< [apiv2][status] GET https://firebase-public.firebaseio.com/cli.json 200
[debug] [2024-11-05T09:01:25.477Z] <<< [apiv2][body] GET https://firebase-public.firebaseio.com/cli.json {"cloudBuildErrorAfter":1594252800000,"cloudBuildWarnAfter":1590019200000,"defaultNode10After":1594252800000,"minVersion":"3.0.5","node8DeploysDisabledAfter":1613390400000,"node8RuntimeDisabledAfter":1615809600000,"node8WarnAfter":1600128000000}
